<?xml version="1.0" encoding="UTF-8"?>
<!-- Generated by org.testng.reporters.JUnitReportReporter -->
<testsuite skipped="0" hostname="LAPTOP-DTHLJCUF" name="com.test.demo" tests="1" failures="0" timestamp="21 oct. 2018 00:37:19 GMT" time="9.356" errors="0">
  <testcase name="verifySearchButton" time="9.356" classname="com.test.demo"/>
</testsuite> <!-- com.test.demo -->
